[    0.000000] Initializing cgroup subsys cpuset
[    0.000000] Initializing cgroup subsys cpu
[    0.000000] Initializing cgroup subsys cpuacct
[    0.000000] Linux version 4.4.0-93-generic (buildd@lgw01-03) (gcc version 5.4.0 20160609 (Ubuntu 5.4.0-6ubuntu1~16.04.4) ) #116-Ubuntu SMP Fri Aug 11 21:17:51 UTC 2017 (Ubuntu 4.4.-93.116-generic 4.4.79)
[    0.000000] Command line: BOOT_IMAGE=/boot/vmlinuz-4.4.0-93-generic root=LABEL=cloudimg-rootfs ro console=tty1 console=ttyS0
[    0.000000] KERNEL supported cpus:
[    0.000000]   Intel GenuineIntel
[    0.000000]   AMD AuthenticAMD
[    0.000000]   Centaur CentaurHauls
[    0.000000] x86/fpu: xstate_offset[2]:  576, xstate_sizes[2]:  256
[    0.000000] x86/fpu: Supporting XSAVE feature 0x01: 'x87 floating point registers'
[    0.000000] x86/fpu: Supporting XSAVE feature 0x02: 'SSE registers'
[    0.000000] x86/fpu: Supporting XSAVE feature 0x04: 'AVX registers'
[    0.000000] x86/fpu: Enabled xstate features 0x7, context size is 832 bytes, using 'standard' format.
[    0.000000] x86/fpu: Using 'lazy' FPU context switches.
[    0.000000] e820: BIOS-provided physical RAM map:
[    0.000000] BIOS-e820: [mem 0x0000000000000000-0x000000000009fbff] usable
[    0.000000] BIOS-e820: [mem 0x000000000009fc00-0x000000000009ffff] reserved
[    0.000000] BIOS-e820: [mem 0x00000000000f0000-0x00000000000fffff] reserved
[    0.000000] BIOS-e820: [mem 0x0000000000100000-0x000000003ffeffff] usable
[    0.000000] BIOS-e820: [mem 0x000000003fff0000-0x000000003fffffff] ACPI data
[    0.000000] BIOS-e820: [mem 0x00000000fec00000-0x00000000fec00fff] reserved
[    0.000000] BIOS-e820: [mem 0x00000000fee00000-0x00000000fee00fff] reserved
[    0.000000] BIOS-e820: [mem 0x00000000fffc0000-0x00000000ffffffff] reserved
[    0.000000] NX (Execute Disable) protection: active
[    0.000000] SMBIOS 2.5 present.
[    0.000000] Hypervisor detected: KVM
[    0.000000] e820: last_pfn = 0x3fff0 max_arch_pfn = 0x400000000
[    0.000000] MTRR: Disabled
[    0.000000] x86/PAT: MTRRs disabled, skipping PAT initialization too.
[    0.000000] CPU MTRRs all blank - virtualized system.
[    0.000000] x86/PAT: Configuration [0-7]: WB  WT  UC- UC  WB  WT  UC- UC  
[    0.000000] found SMP MP-table at [mem 0x0009fff0-0x0009ffff] mapped at [ffff88000009fff0]
[    0.000000] Scanning 1 areas for low memory corruption
[    0.000000] RAMDISK: [mem 0x36ac4000-0x37559fff]
[    0.000000] ACPI: Early table checksum verification disabled
[    0.000000] ACPI: RSDP 0x00000000000E0000 000024 (v02 VBOX  )
[    0.000000] ACPI: XSDT 0x000000003FFF0030 00003C (v01 VBOX   VBOXXSDT 00000001 ASL  00000061)
[    0.000000] ACPI: FACP 0x000000003FFF00F0 0000F4 (v04 VBOX   VBOXFACP 00000001 ASL  00000061)
[    0.000000] ACPI: DSDT 0x000000003FFF0470 0021C8 (v02 VBOX   VBOXBIOS 00000002 INTL 20100528)
[    0.000000] ACPI: FACS 0x000000003FFF0200 000040
[    0.000000] ACPI: FACS 0x000000003FFF0200 000040
[    0.000000] ACPI: APIC 0x000000003FFF0240 00005C (v02 VBOX   VBOXAPIC 00000001 ASL  00000061)
[    0.000000] ACPI: SSDT 0x000000003FFF02A0 0001CC (v01 VBOX   VBOXCPUT 00000002 INTL 20100528)
[    0.000000] No NUMA configuration found
[    0.000000] Faking a node at [mem 0x0000000000000000-0x000000003ffeffff]
[    0.000000] NODE_DATA(0) allocated [mem 0x3ffeb000-0x3ffeffff]
[    0.000000] kvm-clock: Using msrs 4b564d01 and 4b564d00
[    0.000000] kvm-clock: cpu 0, msr 0:3ffe3001, primary cpu clock
[    0.000000] kvm-clock: using sched offset of 20260741565 cycles
[    0.000000] clocksource: kvm-clock: mask: 0xffffffffffffffff max_cycles: 0x1cd42e4dffb, max_idle_ns: 881590591483 ns
[    0.000000] Zone ranges:
[    0.000000]   DMA      [mem 0x0000000000001000-0x0000000000ffffff]
[    0.000000]   DMA32    [mem 0x0000000001000000-0x000000003ffeffff]
[    0.000000]   Normal   empty
[    0.000000]   Device   empty
[    0.000000] Movable zone start for each node
[    0.000000] Early memory node ranges
[    0.000000]   node   0: [mem 0x0000000000001000-0x000000000009efff]
[    0.000000]   node   0: [mem 0x0000000000100000-0x000000003ffeffff]
[    0.000000] Initmem setup node 0 [mem 0x0000000000001000-0x000000003ffeffff]
[    0.000000] ACPI: PM-Timer IO Port: 0x4008
[    0.000000] IOAPIC[0]: apic_id 2, version 32, address 0xfec00000, GSI 0-23
[    0.000000] ACPI: INT_SRC_OVR (bus 0 bus_irq 0 global_irq 2 dfl dfl)
[    0.000000] ACPI: INT_SRC_OVR (bus 0 bus_irq 9 global_irq 9 high level)
[    0.000000] Using ACPI (MADT) for SMP configuration information
[    0.000000] smpboot: Allowing 2 CPUs, 0 hotplug CPUs
[    0.000000] PM: Registered nosave memory: [mem 0x00000000-0x00000fff]
[    0.000000] PM: Registered nosave memory: [mem 0x0009f000-0x0009ffff]
[    0.000000] PM: Registered nosave memory: [mem 0x000a0000-0x000effff]
[    0.000000] PM: Registered nosave memory: [mem 0x000f0000-0x000fffff]
[    0.000000] e820: [mem 0x40000000-0xfebfffff] available for PCI devices
[    0.000000] Booting paravirtualized kernel on KVM
[    0.000000] clocksource: refined-jiffies: mask: 0xffffffff max_cycles: 0xffffffff, max_idle_ns: 7645519600211568 ns
[    0.000000] setup_percpu: NR_CPUS:512 nr_cpumask_bits:512 nr_cpu_ids:2 nr_node_ids:1
[    0.000000] PERCPU: Embedded 34 pages/cpu @ffff88003fc00000 s98328 r8192 d32744 u1048576
[    0.000000] PV qspinlock hash table entries: 256 (order: 0, 4096 bytes)
[    0.000000] Built 1 zonelists in Node order, mobility grouping on.  Total pages: 257913
[    0.000000] Policy zone: DMA32
[    0.000000] Kernel command line: BOOT_IMAGE=/boot/vmlinuz-4.4.0-93-generic root=LABEL=cloudimg-rootfs ro console=tty1 console=ttyS0
[    0.000000] PID hash table entries: 4096 (order: 3, 32768 bytes)
[    0.000000] Memory: 1001724K/1048120K available (8479K kernel code, 1294K rwdata, 3984K rodata, 1492K init, 1316K bss, 46396K reserved, 0K cma-reserved)
[    0.000000] SLUB: HWalign=64, Order=0-3, MinObjects=0, CPUs=2, Nodes=1
[    0.000000] Hierarchical RCU implementation.
[    0.000000] 	Build-time adjustment of leaf fanout to 64.
[    0.000000] 	RCU restricting CPUs from NR_CPUS=512 to nr_cpu_ids=2.
[    0.000000] RCU: Adjusting geometry for rcu_fanout_leaf=64, nr_cpu_ids=2
[    0.000000] NR_IRQS:33024 nr_irqs:440 16
[    0.000000] Console: colour VGA+ 80x25
[    0.000000] console [tty1] enabled
[    0.000000] console [ttyS0] enabled
[    0.000000] tsc: Detected 1796.625 MHz processor
[    0.000000] tsc: Marking TSC unstable due to TSCs unsynchronized
[    0.016000] Calibrating delay loop (skipped) preset value.. 3593.25 BogoMIPS (lpj=7186500)
[    0.020024] pid_max: default: 32768 minimum: 301
[    0.028031] ACPI: Core revision 20150930
[    0.033790] ACPI: 2 ACPI AML tables successfully acquired and loaded
[    0.044069] Security Framework initialized
[    0.048022] Yama: becoming mindful.
[    0.052065] AppArmor: AppArmor initialized
[    0.056188] Dentry cache hash table entries: 131072 (order: 8, 1048576 bytes)
[    0.060615] Inode-cache hash table entries: 65536 (order: 7, 524288 bytes)
[    0.068109] Mount-cache hash table entries: 2048 (order: 2, 16384 bytes)
[    0.072040] Mountpoint-cache hash table entries: 2048 (order: 2, 16384 bytes)
[    0.076352] Initializing cgroup subsys io
[    0.080070] Initializing cgroup subsys memory
[    0.084047] Initializing cgroup subsys devices
[    0.088015] Initializing cgroup subsys freezer
[    0.090968] Initializing cgroup subsys net_cls
[    0.092031] Initializing cgroup subsys perf_event
[    0.096032] Initializing cgroup subsys net_prio
[    0.100043] Initializing cgroup subsys hugetlb
[    0.104028] Initializing cgroup subsys pids
[    0.108242] CPU: Physical Processor ID: 0
[    0.112020] CPU: Processor Core ID: 0
[    0.116025] mce: CPU supports 0 MCE banks
[    0.120057] Last level iTLB entries: 4KB 512, 2MB 1024, 4MB 512
[    0.124017] Last level dTLB entries: 4KB 1024, 2MB 1024, 4MB 512, 1GB 0
[    0.132493] Freeing SMP alternatives memory: 32K (ffffffff820ba000 - ffffffff820c2000)
[    0.152503] ftrace: allocating 32136 entries in 126 pages
[    0.168179] smpboot: APIC(0) Converting physical 0 to logical package 0
[    0.172024] smpboot: Max logical packages: 1
[    0.176692] x2apic enabled
[    0.180020] Switched APIC routing to physical x2apic.
[    0.186374] ..TIMER: vector=0x30 apic1=0 pin1=2 apic2=-1 pin2=-1
[    0.192000] smpboot: CPU0: AMD A10-8700P Radeon R6, 10 Compute Cores 4C+6G (family: 0x15, model: 0x60, stepping: 0x1)
[    0.201826] Performance Events: Broken PMU hardware detected, using software events only.
[    0.208017] Failed to access perfctr msr (MSR c0010007 is 0)
[    0.212090] KVM setup paravirtual spinlock
[    0.217443] x86: Booting SMP configuration:
[    0.220018] .... node  #0, CPUs:      #1
[    0.016000] kvm-clock: cpu 1, msr 0:3ffe3041, secondary cpu clock
[    0.016000] mce: CPU supports 0 MCE banks
[    0.276798] x86: Booted up 1 node, 2 CPUs
[    0.280020] smpboot: Total of 2 processors activated (7186.50 BogoMIPS)
[    0.284561] devtmpfs: initialized
[    0.292292] evm: security.selinux
[    0.296015] evm: security.SMACK64
[    0.300016] evm: security.SMACK64EXEC
[    0.304013] evm: security.SMACK64TRANSMUTE
[    0.308016] evm: security.SMACK64MMAP
[    0.312012] evm: security.ima
[    0.316013] evm: security.capability
[    0.320234] clocksource: jiffies: mask: 0xffffffff max_cycles: 0xffffffff, max_idle_ns: 7645041785100000 ns
[    0.324082] futex hash table entries: 512 (order: 3, 32768 bytes)
[    0.328339] pinctrl core: initialized pinctrl subsystem
[    0.332294] RTC time:  4:34:59, date: 11/27/17
[    0.338169] NET: Registered protocol family 16
[    0.356026] cpuidle: using governor ladder
[    0.440040] cpuidle: using governor menu
[    0.464037] PCCT header not found.
[    0.472882] ACPI: bus type PCI registered
[    0.540015] acpiphp: ACPI Hot Plug PCI Controller Driver version: 0.5
[    0.720340] PCI: Using configuration type 1 for base access
[    0.888038] PCI: Using configuration type 1 for extended access
[    1.024450] ACPI: Added _OSI(Module Device)
[    1.060023] ACPI: Added _OSI(Processor Device)
[    1.088028] ACPI: Added _OSI(3.0 _SCP Extensions)
[    1.164017] ACPI: Added _OSI(Processor Aggregator Device)
[    1.309152] ACPI: Executed 1 blocks of module-level executable AML code
[    1.322477] ACPI: Interpreter enabled
[    1.324048] ACPI: (supports S0 S5)
[    1.328014] ACPI: Using IOAPIC for interrupt routing
[    1.336130] PCI: Using host bridge windows from ACPI; if necessary, use "pci=nocrs" and report a bug
[    1.348659] ACPI: PCI Root Bridge [PCI0] (domain 0000 [bus 00-ff])
[    1.352032] acpi PNP0A03:00: _OSC: OS supports [ExtendedConfig ASPM ClockPM Segments MSI]
[    1.356042] acpi PNP0A03:00: _OSC failed (AE_NOT_FOUND); disabling ASPM
[    1.360891] PCI host bridge to bus 0000:00
[    1.364020] pci_bus 0000:00: root bus resource [io  0x0000-0x0cf7 window]
[    1.368024] pci_bus 0000:00: root bus resource [io  0x0d00-0xffff window]
[    1.372034] pci_bus 0000:00: root bus resource [mem 0x000a0000-0x000bffff window]
[    1.376025] pci_bus 0000:00: root bus resource [mem 0x40000000-0xffdfffff window]
[    1.380026] pci_bus 0000:00: root bus resource [bus 00-ff]
[    1.390190] pci 0000:00:01.1: legacy IDE quirk: reg 0x10: [io  0x01f0-0x01f7]
[    1.392023] pci 0000:00:01.1: legacy IDE quirk: reg 0x14: [io  0x03f6]
[    1.396023] pci 0000:00:01.1: legacy IDE quirk: reg 0x18: [io  0x0170-0x0177]
[    1.400025] pci 0000:00:01.1: legacy IDE quirk: reg 0x1c: [io  0x0376]
[    1.485556] pci 0000:00:07.0: quirk: [io  0x4000-0x403f] claimed by PIIX4 ACPI
[    1.488076] pci 0000:00:07.0: quirk: [io  0x4100-0x410f] claimed by PIIX4 SMB
[    1.526401] ACPI: PCI Interrupt Link [LNKA] (IRQs 5 9 10 *11)
[    1.541164] ACPI: PCI Interrupt Link [LNKB] (IRQs 5 9 10 *11)
[    1.550782] ACPI: PCI Interrupt Link [LNKC] (IRQs 5 9 *10 11)
[    1.566325] ACPI: PCI Interrupt Link [LNKD] (IRQs 5 *9 10 11)
[    1.579089] ACPI: Enabled 2 GPEs in block 00 to 07
[    1.580505] vgaarb: setting as boot device: PCI:0000:00:02.0
[    1.584000] vgaarb: device added: PCI:0000:00:02.0,decodes=io+mem,owns=io+mem,locks=none
[    1.584024] vgaarb: loaded
[    1.588014] vgaarb: bridge control possible 0000:00:02.0
[    1.596445] SCSI subsystem initialized
[    1.604156] ACPI: bus type USB registered
[    1.608110] usbcore: registered new interface driver usbfs
[    1.612068] usbcore: registered new interface driver hub
[    1.616100] usbcore: registered new device driver usb
[    1.620365] PCI: Using ACPI for IRQ routing
[    1.704565] NetLabel: Initializing
[    1.748018] NetLabel:  domain hash size = 128
[    1.776017] NetLabel:  protocols = UNLABELED CIPSOv4
[    1.784055] NetLabel:  unlabeled traffic allowed by default
[    1.876172] amd_nb: Cannot enumerate AMD northbridges
[    1.944079] clocksource: Switched to clocksource kvm-clock
[    2.028269] AppArmor: AppArmor Filesystem Enabled
[    2.088093] pnp: PnP ACPI init
[    2.144235] pnp: PnP ACPI: found 3 devices
[    2.201930] clocksource: acpi_pm: mask: 0xffffff max_cycles: 0xffffff, max_idle_ns: 2085701024 ns
[    2.337567] NET: Registered protocol family 2
[    2.407862] TCP established hash table entries: 8192 (order: 4, 65536 bytes)
[    2.523156] TCP bind hash table entries: 8192 (order: 5, 131072 bytes)
[    2.671130] TCP: Hash tables configured (established 8192 bind 8192)
[    2.760435] UDP hash table entries: 512 (order: 2, 16384 bytes)
[    2.903055] UDP-Lite hash table entries: 512 (order: 2, 16384 bytes)
[    3.015278] NET: Registered protocol family 1
[    3.079350] pci 0000:00:00.0: Limiting direct PCI/PCI transfers
[    3.209103] pci 0000:00:01.0: Activating ISA DMA hang workarounds
[    3.305016] Unpacking initramfs...
[    6.354222] Freeing initrd memory: 10840K (ffff880036ac4000 - ffff88003755a000)
[    6.525739] clocksource: tsc: mask: 0xffffffffffffffff max_cycles: 0x19e5b5450ab, max_idle_ns: 440795235573 ns
[    6.528978] platform rtc_cmos: registered platform RTC device (no PNP device found)
[    6.529036] Scanning for low memory corruption every 60 seconds
[    6.529626] audit: initializing netlink subsys (disabled)
[    6.529659] audit: type=2000 audit(1511757320.649:1): initialized
[    6.530165] Initialise system trusted keyring
[    6.530425] HugeTLB registered 2 MB page size, pre-allocated 0 pages
[    6.533239] zbud: loaded
[    6.533600] VFS: Disk quotas dquot_6.6.0
[    6.533659] VFS: Dquot-cache hash table entries: 512 (order 0, 4096 bytes)
[    6.534194] squashfs: version 4.0 (2009/01/31) Phillip Lougher
[    6.534714] fuse init (API version 7.23)
[    6.535432] Key type big_key registered
[    6.535466] Allocating IMA MOK and blacklist keyrings.
[    6.536135] Key type asymmetric registered
[    6.536152] Asymmetric key parser 'x509' registered
[    6.536257] Block layer SCSI generic (bsg) driver version 0.4 loaded (major 249)
[    6.536316] io scheduler noop registered
[    6.536319] io scheduler deadline registered (default)
[    6.536375] io scheduler cfq registered
[    6.536567] pci_hotplug: PCI Hot Plug PCI Core version: 0.5
[    6.536576] pciehp: PCI Express Hot Plug Controller Driver version: 0.4
[    6.536964] ACPI: AC Adapter [AC] (on-line)
[    6.537067] input: Power Button as /devices/LNXSYSTM:00/LNXPWRBN:00/input/input0
[    6.537073] ACPI: Power Button [PWRF]
[    6.537206] input: Sleep Button as /devices/LNXSYSTM:00/LNXSLPBN:00/input/input1
[    6.537209] ACPI: Sleep Button [SLPF]
[    6.537533] GHES: HEST is not enabled!
[    6.539074] ACPI: Battery Slot [BAT0] (battery present)
[    6.539193] Serial: 8250/16550 driver, 32 ports, IRQ sharing enabled
[    6.601272] 00:02: ttyS0 at I/O 0x3f8 (irq = 4, base_baud = 115200) is a 16550A
[    6.667414] Linux agpgart interface v0.103
[    6.700001] loop: module loaded
[    6.702287] scsi host0: ata_piix
[    6.702414] scsi host1: ata_piix
[    6.702474] ata1: PATA max UDMA/33 cmd 0x1f0 ctl 0x3f6 bmdma 0xd000 irq 14
[    6.702476] ata2: PATA max UDMA/33 cmd 0x170 ctl 0x376 bmdma 0xd008 irq 15
[    6.702721] libphy: Fixed MDIO Bus: probed
[    6.702725] tun: Universal TUN/TAP device driver, 1.6
[    6.702726] tun: (C) 1999-2004 Max Krasnyansky <maxk@qualcomm.com>
[    6.703560] PPP generic driver version 2.4.2
[    6.703719] ehci_hcd: USB 2.0 'Enhanced' Host Controller (EHCI) Driver
[    6.703729] ehci-pci: EHCI PCI platform driver
[    6.703763] ehci-platform: EHCI generic platform driver
[    6.703779] ohci_hcd: USB 1.1 'Open' Host Controller (OHCI) Driver
[    6.703785] ohci-pci: OHCI PCI platform driver
[    6.703802] ohci-platform: OHCI generic platform driver
[    6.703817] uhci_hcd: USB Universal Host Controller Interface driver
[    6.703943] i8042: PNP: PS/2 Controller [PNP0303:PS2K,PNP0f03:PS2M] at 0x60,0x64 irq 1,12
[    6.704921] serio: i8042 KBD port at 0x60,0x64 irq 1
[    6.704938] serio: i8042 AUX port at 0x60,0x64 irq 12
[    6.705208] mousedev: PS/2 mouse device common for all mice
[    6.705986] input: AT Translated Set 2 keyboard as /devices/platform/i8042/serio0/input/input2
[    6.706909] rtc_cmos rtc_cmos: rtc core: registered rtc_cmos as rtc0
[    6.707046] rtc_cmos rtc_cmos: alarms up to one day, 114 bytes nvram
[    6.707068] i2c /dev entries driver
[    6.707183] device-mapper: uevent: version 1.0.3
[    6.707278] device-mapper: ioctl: 4.34.0-ioctl (2015-10-28) initialised: dm-devel@redhat.com
[    6.707305] ledtrig-cpu: registered to indicate activity on CPUs
[    6.708776] NET: Registered protocol family 10
[    6.709056] NET: Registered protocol family 17
[    6.709070] Key type dns_resolver registered
[    6.709344] microcode: CPU0: patch_level=0x06000626
[    6.708296] microcode: CPU1: patch_level=0x06000626
[    6.725626] microcode: Microcode Update Driver: v2.01 <tigran@aivazian.fsnet.co.uk>, Peter Oruba
[    6.725997] registered taskstats version 1
[    6.726020] Loading compiled-in X.509 certificates
[    6.727509] Loaded X.509 cert 'Build time autogenerated kernel key: a6f98c496ad22cf23b77f8fe21ff88c41791cbd4'
[    6.727559] zswap: loaded using pool lzo/zbud
[    6.730875] Key type trusted registered
[    6.736938] Key type encrypted registered
[    6.736952] AppArmor: AppArmor sha1 policy hashing enabled
[    6.736957] ima: No TPM chip found, activating TPM-bypass!
[    6.736998] evm: HMAC attrs: 0x1
[    6.737967]   Magic number: 9:511:566
[    6.739537] rtc_cmos rtc_cmos: setting system clock to 2017-11-27 04:35:08 UTC (1511757308)
[    6.739758] BIOS EDD facility v0.16 2004-Jun-25, 0 devices found
[    6.739759] EDD information not available.
[    9.962716] Freeing unused kernel memory: 1492K (ffffffff81f45000 - ffffffff820ba000)
[    9.971315] Write protecting the kernel read-only data: 14336k
[    9.998488] Freeing unused kernel memory: 1748K (ffff88000184b000 - ffff880001a00000)
[   10.032398] Freeing unused kernel memory: 112K (ffff880001de4000 - ffff880001e00000)
Loading, please wait...
starting version[   10.140099] random: systemd-udevd: uninitialized urandom read (16 bytes read, 4 bits of entropy available)
 229
[   10.143059] random: udevadm: uninitialized urandom read (16 bytes read, 4 bits of entropy available)
[   10.143437] random: udevadm: uninitialized urandom read (16 bytes read, 4 bits of entropy available)
[   10.143748] random: udevadm: uninitialized urandom read (16 bytes read, 4 bits of entropy available)
[   10.143840] random: udevadm: uninitialized urandom read (16 bytes read, 4 bits of entropy available)
[   10.143924] random: udevadm: uninitialized urandom read (16 bytes read, 4 bits of entropy available)
[   10.144010] random: udevadm: uninitialized urandom read (16 bytes read, 4 bits of entropy available)
[   10.144224] random: udevadm: uninitialized urandom read (16 bytes read, 4 bits of entropy available)
[   10.144323] random: udevadm: uninitialized urandom read (16 bytes read, 4 bits of entropy available)
[   10.144414] random: udevadm: uninitialized urandom read (16 bytes read, 4 bits of entropy available)
[   11.073797] e1000: Intel(R) PRO/1000 Network Driver - version 7.3.21-k8-NAPI
[   11.224174] e1000: Copyright (c) 1999-2006 Intel Corporation.
[   11.281996] Fusion MPT base driver 3.04.20
[   11.347647] Copyright (c) 1999-2008 LSI Corporation
[   11.412351] Fusion MPT SPI Host driver 3.04.20
[   11.470817] AVX version of gcm_enc/dec engaged.
[   11.544715] AES CTR mode by8 optimization enabled
[   11.925803] input: ImExPS/2 Generic Explorer Mouse as /devices/platform/i8042/serio1/input/input4
[   11.979086] e1000 0000:00:03.0 eth0: (PCI:33MHz:32-bit) 02:04:e4:df:e4:d8
[   11.979094] e1000 0000:00:03.0 eth0: Intel(R) PRO/1000 Network Connection
[   11.980323] mptbase: ioc0: Initiating bringup
[   12.046192] ioc0: LSI53C1030 A0: Capabilities={Initiator}
[   12.210212] scsi host2: ioc0: LSI53C1030 A0, FwRev=00000000h, Ports=1, MaxQ=256, IRQ=20
[   12.326076] scsi 2:0:0:0: Direct-Access     VBOX     HARDDISK         1.0  PQ: 0 ANSI: 5
[   12.326090] scsi target2:0:0: Beginning Domain Validation
[   12.329041] scsi target2:0:0: Domain Validation skipping write tests
[   12.329043] scsi target2:0:0: Ending Domain Validation
[   12.329125] scsi target2:0:0: asynchronous
[   12.332100] scsi 2:0:1:0: Direct-Access     VBOX     HARDDISK         1.0  PQ: 0 ANSI: 5
[   12.332112] scsi target2:0:1: Beginning Domain Validation
[   12.338104] scsi target2:0:1: Domain Validation skipping write tests
[   12.338106] scsi target2:0:1: Ending Domain Validation
[   12.338182] scsi target2:0:1: asynchronous
[   12.741696] sd 2:0:0:0: Attached scsi generic sg0 type 0
[   12.742450] sd 2:0:0:0: [sda] 20971520 512-byte logical blocks: (10.7 GB/10.0 GiB)
[   12.743165] sd 2:0:1:0: [sdb] 20480 512-byte logical blocks: (10.5 MB/10.0 MiB)
[   12.743187] sd 2:0:0:0: [sda] Write Protect is off
[   12.743336] sd 2:0:0:0: [sda] Incomplete mode parameter data
[   12.743339] sd 2:0:0:0: [sda] Assuming drive cache: write through
[   12.743445] sd 2:0:1:0: [sdb] Write Protect is off
[   12.743692] sd 2:0:1:0: [sdb] Incomplete mode parameter data
[   12.743694] sd 2:0:1:0: [sdb] Assuming drive cache: write through
[   12.745457] sd 2:0:1:0: Attached scsi generic sg1 type 0
[   12.769984]  sda: sda1
[   12.771140] sd 2:0:0:0: [sda] Attached SCSI disk
[   12.783782] e1000 0000:00:08.0 eth1: (PCI:33MHz:32-bit) 08:00:27:37:da:80
[   12.783786] e1000 0000:00:08.0 eth1: Intel(R) PRO/1000 Network Connection
[   12.978223] e1000 0000:00:08.0 enp0s8: renamed from eth1
[   12.980578] sd 2:0:1:0: [sdb] Attached SCSI disk
[   14.021423] e1000 0000:00:03.0 enp0s3: renamed from eth0
[   14.289968] floppy0: no floppy controllers found
Begin: Loading e[   16.587152] md: linear personality registered for level -1
ssential drivers[   16.661789] md: multipath personality registered for level -4
 ... [   16.729576] md: raid0 personality registered for level 0
[   16.759472] md: raid1 personality registered for level 1
[   16.872266] raid6: sse2x1   gen()  2036 MB/s
[   16.968268] raid6: sse2x1   xor()   924 MB/s
[   17.090180] raid6: sse2x2   gen()  2356 MB/s
[   17.241520] raid6: sse2x2   xor()  1818 MB/s
[   17.368300] raid6: sse2x4   gen()  1603 MB/s
[   17.456579] raid6: sse2x4   xor()  1250 MB/s
[   17.481766] raid6: using algorithm sse2x2 gen() 2356 MB/s
[   17.510832] raid6: .... xor() 1818 MB/s, rmw enabled
[   17.576985] raid6: using ssse3x2 recovery algorithm
[   17.630541] xor: automatically using best checksumming function:
[   17.756184]    avx       :  5526.000 MB/sec
[   17.805571] async_tx: api initialized (async)
[   17.901291] md: raid6 personality registered for level 6
[   17.964343] md: raid5 personality registered for level 5
[   18.062861] md: raid4 personality registered for level 4
[   18.163033] md: raid10 personality registered for level 10
done.
Begin: Running /scripts/init-premount ... done.
Begin: Mounting[   18.329225] Btrfs loaded
 root file system ... Begin: Running /scripts/local-top ... done.
Begin: Running /scripts/local-premount ... Scanning for Btrfs filesystems
done.
Warning: fsck not present, so skipping root file[   18.654689] EXT4-fs (sda1): mounted filesystem with ordered data mode. Opts: (null)
 system
done.
Begin: Running /scripts/local-bottom ... done.
Begin: Running /scripts/init-bottom ... done.
[   19.155296] random: nonblocking pool is initialized
[   20.090120] systemd[1]: systemd 229 running in system mode. (+PAM +AUDIT +SELINUX +IMA +APPARMOR +SMACK +SYSVINIT +UTMP +LIBCRYPTSETUP +GCRYPT +GNUTLS +ACL +XZ -LZ4 +SECCOMP +BLKID +ELFUTILS +KMOD -IDN)
[   20.498794] systemd[1]: Detected virtualization oracle.
[   20.601088] systemd[1]: Detected architecture x86-64.

Welcome to [1mUbuntu 16.04.3 LTS[0m!

[   20.859419] systemd[1]: Set hostname to <ubuntu>.
[   20.989235] systemd[1]: Initializing machine ID from random generator.
[   21.135234] systemd[1]: Installed transient /etc/machine-id file.
[   22.749285] systemd[1]: Listening on Journal Socket (/dev/log).
[[0;32m  OK  [0m] Listening on Journal Socket (/dev/log).
[   22.904898] systemd[1]: Reached target Swap.
[[0;32m  OK  [0m] Reached target Swap.
[   22.997427] systemd[1]: Created slice System Slice.
[[0;32m  OK  [0m] Created slice System Slice.
[   23.122470] systemd[1]: Listening on udev Kernel Socket.
[[0;32m  OK  [0m] Listening on udev Kernel Socket.
[   23.313049] systemd[1]: Started Trigger resolvconf update for networkd DNS.
[[0;32m  OK  [0m] Started Trigger resolvconf update for networkd DNS.
[   23.493000] systemd[1]: Listening on Syslog Socket.
[[0;32m  OK  [0m] Listening on Syslog Socket.
[   23.624934] systemd[1]: Started Forward Password Requests to Wall Directory Watch.
[[0;32m  OK  [0m] Started Forward Password Requests to Wall Directory Watch.
[   23.745419] systemd[1]: Created slice system-serial\x2dgetty.slice.
[[0;32m  OK  [0m] Created slice system-serial\x2dgetty.slice.
[   23.876312] systemd[1]: Listening on Journal Socket.
[[0;32m  OK  [0m] Listening on Journal Socket.
[   23.940605] systemd[1]: Starting Set console keymap...
         Starting Set console keymap...
[   24.104583] systemd[1]: Starting Load Kernel Modules...
         Starting Load Kernel Modules...
[   24.228869] systemd[1]: Starting Nameserver information manager...
         Starting Nameserver information manager...
[   24.344543] systemd[1]: Starting Remount Root and Kernel File Systems...
         [   24.398357] Loading iSCSI transport class v2.0-870.
Starting Remount[   24.412203] EXT4-fs (sda1): re-mounted. Opts: (null)
 Root and Kernel File Systems...
[   24.541697] systemd[1]: Reached target Encrypted Volumes.
[[0;32m  OK  [0m] Reached target E[   24.558715] iscsi: registered transport (tcp)
ncrypted Volumes.
[   24.636734] systemd[1]: Mounting POSIX Message Queue File System...
         Mounting POSIX Message Queue File System...
[   24.724722] systemd[1]: Mounting Huge Pages File System...
         Mounting Huge Pages File System...
[   24.813079] systemd[1]: Set up automount Arbitrary Executable File Formats File System Automount Point.
[[0;32m  OK  [0[   24.904064] iscsi: registered transport (iser)
m] Set up automount Arbitrary Executab...ats File System Automount Point.
[   25.080645] systemd[1]: Listening on udev Control Socket.
[[0;32m  OK  [0m] Listening on udev Control Socket.
[   25.257346] systemd[1]: Mounting Debug File System...
         Mounting Debug File System...
[   25.381717] systemd[1]: Created slice User and Session Slice.
[[0;32m  OK  [0m] Created slice User and Session Slice.
[   25.516520] systemd[1]: Reached target Slices.
[[0;32m  OK  [0m] Reached target Slices.
[   25.661489] systemd[1]: Listening on Journal Audit Socket.
[[0;32m  OK  [0m] Listening on Journal Audit Socket.
[   25.885033] systemd[1]: Starting Journal Service...
         Starting Journal Service...
[   26.001334] systemd[1]: Reached target User and Group Name Lookups.
[[0;32m  OK  [0m] Reached target User and Group Name Lookups.
[   26.232885] systemd[1]: Starting Create list of required static device nodes for the current kernel...
         Starting Create list of required st... nodes for the current kernel...
[   26.534069] systemd[1]: Listening on /dev/initctl Compatibility Named Pipe.
[[0;32m  OK  [0m] Listening on /dev/initctl Compatibility Named Pipe.
[   26.800917] systemd[1]: Listening on LVM2 poll daemon socket.
[[0;32m  OK  [0m] Listening on LVM2 poll daemon socket.
[   26.820870] systemd[1]: Listening on Device-mapper event daemon FIFOs.
[[0;32m  OK  [0m] Listening on Device-mapper event daemon FIFOs.
[   26.889370] systemd[1]: Listening on LVM2 metadata daemon socket.
[[0;32m  OK  [0m] Listening on LVM2 metadata daemon socket.
[   27.132554] systemd[1]: Starting Monitoring of LVM2 mirrors, snapshots etc. using dmeventd or progress polling...
         Starting Monitoring of LVM2 mirrors... dmeventd or progress polling...
[   27.357017] systemd[1]: Starting Uncomplicated firewall...
         Starting Uncomplicated firewall...
[   27.555152] systemd[1]: Mounted Huge Pages File System.
[[0;32m  OK  [0m] Mounted Huge Pages File System.
[   27.777644] systemd[1]: Mounted POSIX Message Queue File System.
[[0;32m  OK  [0m] Mounted POSIX Message Queue File System.
[   28.045297] systemd[1]: Mounted Debug File System.
[[0;32m  OK  [0m] Mounted Debug File System.
[   28.121705] systemd[1]: Started Journal Service.
[[0;32m  OK  [0m] Started Journal Service.
[[0;32m  OK  [0m] Started Set console keymap.
[[0;32m  OK  [0m] Started Load Kernel Modules.
[[0;32m  OK  [0m] Started Remount Root and Kernel File Systems.
[[0;32m  OK  [0m] Started Create list of required sta...ce nodes for the current kernel.
[[0;32m  OK  [0m] Started Uncomplicated firewall.
[[0;32m  OK  [0m] Started Nameserver information manager.
[[0;32m  OK  [0m] Started LVM2 metadata daemon.
         Starting Create Static Device Nodes in /dev...
         Starting Initial cloud-init job (pre-networking)...
         Starting Load/Save Random Seed...
         Starting udev Coldplug all Devices...
         Starting Apply Kernel Variables...
         Mounting FUSE Control File System...
         Starting Flush Journal to Persistent Storage...
[[0;32m  OK  [0m] Mounted FUSE Control File System.
[[0;32m  OK  [0m] Started Monitoring of LVM2 mirrors,...ng dmeventd or progress polling.
[[0;32m  OK  [0m] Started Load/Save Random Seed.
[[0;32m  OK  [0m] Started Apply Kernel Variables.
[[0;32m  OK  [0m] Started udev Coldplug all Devices.
[[0;32m  OK  [0m] Started Flush Journal to Persistent Storage.
[[0;32m  OK  [0m] Started Create Static Device Nodes in /dev.
         Starting udev Kernel Device Manager...
[[0;32m  OK  [0m] Started udev Kernel Device Manager.
[[0;32m  OK  [0m] Reached target Local File Systems (Pre).
[[0;32m  OK  [0m] Reached target Local File Systems.
         Starting LSB: AppArmor initialization...
         Starting Set console font and keymap...
         Starting Commit a transient machine-id on disk...
         Starting Create Volatile Files and Directories...
         Starting Tell Plymouth To Write Out Runtime Data...
[[0;32m  OK  [0m] Started Dispatch Password Requests to Console Directory Watch.
[[0;32m  OK  [0m] Started Commit a transient machine-id on disk.
[[0;32m  OK  [0m] Found device /dev/ttyS0.
[[0;32m  OK  [0m] Started Tell Plymouth To Write Out Runtime Data.
[[0;32m  OK  [0m] Started Create Volatile Files and Directories.
[[0;32m  OK  [0m] Reached target System Time Synchronized.
         Starting Update UTMP about System Boot/Shutdown...
[[0;32m  OK  [0m] Started Update UTMP about System Boot/Shutdown.
[[0;32m  OK  [0m] Started Set console font and keymap.
[[0;32m  OK  [0m] Listening on Load/Save RF Kill Switch Status /dev/rfkill Watch.
[[0;32m  OK  [0m] Created slice system-getty.slice.
[[0;32m  OK  [0m] Started LSB: AppArmor initialization.
[   41.542286] cloud-init[438]: Cloud-init v. 0.7.9 running 'init-local' at Mon, 27 Nov 2017 04:35:42 +0000. Up 40.56 seconds.
[[0;32m  OK  [0m] Started Initial cloud-init job (pre-networking).
[[0;32m  OK  [0m] Reached target Network (Pre).
         Starting Raise network interfaces...
[[0;32m  OK  [0m] Started Raise network interfaces.
         Starting Initial cloud-init job (metadata service crawler)...
[[0;32m  OK  [0m] Reached target Network.
[   46.107826] cloud-init[948]: Cloud-init v. 0.7.9 running 'init' at Mon, 27 Nov 2017 04:35:45 +0000. Up 43.30 seconds.
[   46.245491] [cloud-init[0;32m  OK  [0m[948]: ] ci-info: +++++++++++++++++++++++++++++++++++++Net device info++++++++++++++++++++++++++++++++++++++Started Initial cloud-init job (metadata service crawler).

[   46.246476] cloud-init[948]: ci-info: +--------+-------+---------------------------+---------------+-------+-------------------+
[   46.705635] [cloud-init[0;32m  OK  [0m[948]: ] ci-info: | Device |   Up  |          Address          |      Mask     | Scope |     Hw-Address    |Reached target Network is Online.

[   46.707412] cloud-init[948]: ci-info: +--------+-------+---------------------------+---------------+-------+-------------------+
[   47.057826]          cloud-initStarting iSCSI initiator daemon (iscsid)...[948]: 
ci-info: | enp0s8 | False |             .             |       .       |   .   | 08:00:27:37:da:80 |
[   47.257144] [cloud-init[0;32m  OK  [0m[948]: ] ci-info: | enp0s3 |  True |         10.0.2.15         | 255.255.255.0 |   .   | 02:04:e4:df:e4:d8 |Reached target Cloud-config availability.

[[0;32m  OK  [0m] Reached target System Initialization.
[[   47.258175] [0;32m  OK  [0mcloud-init] [948]: Started Daily Cleanup of Temporary Directories.ci-info: | enp0s3 |  True | fe80::4:e4ff:fedf:e4d8/64 |       .       |  link | 02:04:e4:df:e4:d8 |

[   47.745189]          cloud-initStarting Socket activation for snappy daemon.[948]: 
ci-info: |   lo   |  True |         127.0.0.1         |   255.0.0.0   |   .   |         .         |
[   47.953160] [[0;32m  OK  [0m] Started Daily apt download activities.
[[0;32m  OK  [0m] Started Timer to automatically refresh installed snaps.
[[0;32m  OK  [0m] Listening on D-Bus System Message Bus Socket.
cloud-init[948]: ci-info: |   lo   |  True |          ::1/128          |       .       |  host |         .         |
[   48.277006]          cloud-initStarting LXD - unix socket.[948]: 
ci-info: +--------+-------+---------------------------+---------------+-------+-------------------+
[   48.461129] [cloud-init[0;32m  OK  [0m[948]: ] ci-info: +++++++++++++++++++++++++++Route IPv4 info++++++++++++++++++++++++++++Listening on ACPID Listen Socket.

[[0;32m  OK  [0m] Listening on UUID daemon activation socket.
[   48.462089] cloud-init[948]: ci-info: +-------+-------------+----------+---------------+-----------+-------+
[   48.837055] [cloud-init[0;32m  OK  [0m[948]: ] ci-info: | Route | Destination | Gateway  |    Genmask    | Interface | Flags |Started ACPI Events Check.

[   48.996845] [cloud-init[0;32m  OK  [0m[948]: ] ci-info: +-------+-------------+----------+---------------+-----------+-------+Reached target Paths.

[   49.165142] [cloud-init[0;32m  OK  [0m[948]: ] ci-info: |   0   |   0.0.0.0   | 10.0.2.2 |    0.0.0.0    |   enp0s3  |   UG  |Started Daily apt upgrade and clean activities.

[   49.166249] [cloud-init[0;32m  OK  [0m[948]: ] ci-info: |   1   |   10.0.2.0  | 0.0.0.0  | 255.255.255.0 |   enp0s3  |   U   |Reached target Timers.

[   49.540672] cloud-init[948]: ci-info: +-------+-------------+----------+---------------+-----------+-------+
[   49.541542] cloud-init[948]: Generating public/private rsa key pair.
[[0;32m  OK  [0m] Listening on Socket activation for snappy daemon.
[[   49.541704] cloud-init[948]: Your identification has been saved in /etc/ssh/ssh_host_rsa_key.
[0;32m  OK  [0m] Listening on LXD - unix socket.
[   49.814715] cloud-init[948]: Your public key has been saved in /etc/ssh/ssh_host_rsa_key.pub.
[   50.077213] cloud-init[948]: The key fingerprint is:
[   50.077974] cloud-init[948]: SHA256:yq1XGciJsgb5Eo+3PhRJbsKGfVwDAHrMmc2NklqqZTc root@ubuntu-xenial
[[0;32m  OK  [0m] Started iSCSI initiator daemon (iscsid).
[   50.078140] cloud-init[948]: The key's randomart image is:
[   50.393002] cloud-init[948]: +---[RSA 2048]----+
[   50.393850] cloud-init[948]: |......           |
         Starting Login to default iSCSI targets...
[[0;32m  OK  [0m] Reached target Sockets.
[[0;32m  OK  [0m] Reached target Basic System.
[   50.394064] cloud-init[948]: |.o *.oo          |
[   50.729327] cloud-init[948]: |.+X=+o.+ o       |
         Starting Accounts Service...
[   50.729837] cloud-init[948]: |.=O.O . + .      |
[[   50.874763] cloud-init[948]: |o.oXE+  S  o     |
[0;32m  OK  [0m] Started Deferred execution scheduler.
[   50.876957] cloud-init[948]: |.oo.Bo o  o      |
[   51.071398] cloud-init[[948]: [0;32m  OK  [0m|.  = .o ..       |] 
Started D-Bus System Message Bus.
[   51.072651] cloud-init[948]: |    o  ..        |
[   51.232826] cloud-init[948]: |   .....         |
[[   51.294407] cloud-init[948]: +----[SHA256]-----+
[   51.295493] cloud-init[948]: Generating public/private dsa key pair.
[0;32m  OK  [0m] Started ACPI event daemon.
[   51.295687] cloud-init[948]: Your identification has been saved in /etc/ssh/ssh_host_dsa_key.
[   51.612628] cloud-init[948]: Your public key has been saved in /etc/ssh/ssh_host_dsa_key.pub.
[   51.716998] cloud-init[948]: The key fingerprint is:
[   51.717716] cloud-init[948]: SHA256:GQIXAqLV/sghEYWN84x5KiG4rTh/9sTu2DGyhKcU3WQ root@ubuntu-xenial
         Starting LXD - container startup/shutdown...
[   51.717906] cloud-init[948]: The key's randomart image is:
[   52.040630]          cloud-initStarting Login Service...[948]: 
+---[DSA 1024]----+
[   52.041848] cloud-init[948]: |. +O+ o.         |
         Starting Apply the settings specified in cloud-config...
[   52.187513] cloud-init[948]: |.o= o+           |
[   52.280854] cloud-init[948]: |o  O  E .        |
[[0;32m  OK  [0m] Started Regular background program processing daemon.
[   52.336974] cloud-init[948]: |+ +.*+ . o       |
         Starting /etc/rc.local Compatibility...
[   52.397938] cloud-init[948]: |.+.=.+. S        |
         Starting LSB: Record successful boot for GRUB...
[   52.503449] cloud-init[948]: |o ooo..          |
         Starting LSB: MD monitoring daemon...
[   52.678348] cloud-init[948]: |.oo + =          |
[[0;32m  OK  [0m] Started Snappy daemon.
[   52.829746] cloud-init[948]: |+. +oB o         |
         Starting Auto import assertions from block devices...
[   52.956237] cloud-init[948]: | ooooo=          |
[   53.140383] cloud-init[948]: +----[SHA256]-----+[[0;32m  OK  [0m] Started FUSE filesystem for LXC.

[   53.261054] cloud-init[948]: Generating public/private ecdsa key pair.
[   53.333280] cloud-init[948]: Your identification has been saved in /etc/ssh/ssh_host_ecdsa_key.
         Starting Pollinate to seed the pseudo random number generator...[   53.334041] 
cloud-init[948]: Your public key has been saved in /etc/ssh/ssh_host_ecdsa_key.pub.
[   53.613012] cloud-init[948]: The key fingerprint is:
         Starting System Logging Service...
[   53.613658] cloud-init[948]: SHA256:jONO3DevEg7B8oNsOw0WY9WUHI4Hhcsd3wrF2if54U8 root@ubuntu-xenial
[   53.809081] cloud-init[948]: The key's randomart image is:
[[0;32m  OK  [0m[   53.809581] ] cloud-initStarted Unattended Upgrades Shutdown.[948]: 
+---[ECDSA 256]---+
[   53.988823] cloud-init[948]: |      .*++       |
[[0;32m  OK  [0m] Started LXD - container startup/shutdown.
[   53.989296] cloud-init[948]: |      o+= o      |
[   54.161061] [cloud-init[0;32m  OK  [0m[948]: ] |     +.oo* o     |Started /etc/rc.local Compatibility.

[   54.161877] cloud-init[948]: |    = =++ = +    |
[   54.341275] cloud-init[948]: |   o *o.S. * .   |
[[0;32m  OK  [0m] Started Auto import assertions from block devices.
[   54.341849] cloud-init[948]: |    *o+o. . o E  |
[[0;32m  OK  [0m] Started System Logging Service.
[   54.540358] cloud-init[948]: |   o +++..o  o   |
[   54.637195] cloud-init[948]: |    oo. o. o  .  |
[   54.659188] cloud-init[948]: |     ..  ....    |
[   54.697254] cloud-init[948]: +----[SHA256]-----+
[   54.721835] cloud-init[948]: Generating public/private ed25519 key pair.
[   54.801156] cloud-init[948]: Your identification has been saved in /etc/ssh/ssh_host_ed25519_key.
         Starting Authenticate and Authorize Users to Run Privileged Tasks...
[   54.801630] cloud-init[948]: Your public key has been saved in /etc/ssh/ssh_host_ed25519_key.pub.
[   55.157377] cloud-init[948]: The key fingerprint is:
[   55.157966] cloud-init[948]: SHA256:+ijfQSsamO3lRjTwUYi3kzbWVXvDBbr+KfNRMkwlL+E root@ubuntu-xenial
[[0;32m  OK  [0m] Started Login Service.
[   55.158235] cloud-init[948]: The key's randomart image is:
[   55.424580] cloud-init[948]: +--[ED25519 256]--+
[[0;32m  OK  [0m] Started LSB: Record successful boot for GRUB.
[   55.425153] cloud-init[948]: |     . o.  .. +.o|
[   55.593265] cloud-init[948]: |    o +   .  = * |
[[0;32m  OK  [0m] Started Login to default iSCSI targets.
[   55.593952] cloud-init[948]: |     + = .  o E .|
[[0;32m  OK  [0m] Reached target Remote File Systems (Pre).
[   55.773143] cloud-init[948]: |      @ .    = o |
[[0;32m  OK  [0m] Reached target Remote File Systems.
[   55.774512] cloud-init[948]: |     + +S   . + .|
[   55.976854] cloud-init[948]: |   +  .o . .   + |
[   56.038443] cloud-init[948]: |  o o.+ o   . .  |
         Starting Permit User Sessions...
[   56.099575] cloud-init[948]: |   ..=.= .  o. o |
[   56.189340] cloud-init[948]: |    o++ o    ++  |
[   56.189948] cloud-init         Starting LSB: automatic crash report generation...
[948]: +----[SHA256]-----+
         Starting LSB: daemon to balance interrupts for SMP systems...
         Starting LSB: VirtualBox Linux Additions...
[   56.392542] cloud-init[1072]: Generating locales (this might take a while)...
         Starting LSB: Set the CPU Frequency Scaling governor to "ondemand"...
[[0;32m  OK  [0m] Started LSB: MD monitoring daemon.
[[0;32m  OK  [0m] Started Permit User Sessions.
[[0;32m  OK  [0m] Started Authenticate and Authorize Users to Run Privileged Tasks.
[[0;32m  OK  [0m] Started Accounts Service.
         Starting Terminate Plymouth Boot Screen...
         Starting Hold until boot process finishes up...
[[0;32m  OK  [0m] Started LSB: automatic crash report generation.
[[0;32m  OK  [0m] Started LSB: daemon to balance interrupts for SMP systems.
[[0;32m  OK  [0m] Started LSB: Set the CPU Frequency Scaling governor to "ondemand".
[[0;32m  OK  [0m] Started Terminate Plymouth Boot Screen.
[[0;32m  OK  [0m] Started Hold until boot process finishes up.
[[0;32m  OK  [0m] Started Serial Getty on ttyS0.
[[0;32m  OK  [0m] Started Getty on tty1.
[[0;32m  OK  [0m] Reached target Login Prompts.
         Starting Set console scheme...
[[0;32m  OK  [0m] Started Set console scheme.
[[0;32m  OK  [0m] Started Pollinate to seed the pseudo random number generator.
[[0;32m  OK  [0m] Started LSB: VirtualBox Linux Additions.
[   57.923231] cloud-init[1072]:   en_US.UTF-8... done
[   58.125868] cloud-init[1072]: Generation complete.
         Starting OpenBSD Secure Shell server...
[[0;32m  OK  [0m] Started OpenBSD Secure Shell server.
[[0;32m  OK  [0m] Reached target Multi-User System.
[[0;32m  OK  [0m] Reached target Graphical Interface.
         Starting Update UTMP about System Runlevel Changes...
[[0;32m  OK  [0m] Started Update UTMP about System Runlevel Changes.
         Stopping OpenBSD Secure Shell server...
[[0;32m  OK  [0m] Stopped OpenBSD Secure Shell server.
         Starting OpenBSD Secure Shell server...
[[0;32m  OK  [0m] Started OpenBSD Secure Shell server.
[   61.378836] cloud-init[1072]: Cloud-init v. 0.7.9 running 'modules:config' at Mon, 27 Nov 2017 04:35:54 +0000. Up 53.17 seconds.
[[0;32m  OK  [0m] Started Apply the settings specified in cloud-config.
         Starting Execute cloud user/final scripts...
ci-info: no authorized ssh keys fingerprints found for user ubuntu.
<14>Nov 27 04:36:04 ec2: 
<14>Nov 27 04:36:04 ec2: #############################################################
<14>Nov 27 04:36:04 ec2: -----BEGIN SSH HOST KEY FINGERPRINTS-----
<14>Nov 27 04:36:04 ec2: 1024 SHA256:GQIXAqLV/sghEYWN84x5KiG4rTh/9sTu2DGyhKcU3WQ root@ubuntu-xenial (DSA)
<14>Nov 27 04:36:04 ec2: 256 SHA256:jONO3DevEg7B8oNsOw0WY9WUHI4Hhcsd3wrF2if54U8 root@ubuntu-xenial (ECDSA)
<14>Nov 27 04:36:04 ec2: 256 SHA256:+ijfQSsamO3lRjTwUYi3kzbWVXvDBbr+KfNRMkwlL+E root@ubuntu-xenial (ED25519)
<14>Nov 27 04:36:04 ec2: 2048 SHA256:yq1XGciJsgb5Eo+3PhRJbsKGfVwDAHrMmc2NklqqZTc root@ubuntu-xenial (RSA)
<14>Nov 27 04:36:04 ec2: -----END SSH HOST KEY FINGERPRINTS-----
<14>Nov 27 04:36:04 ec2: #############################################################
-----BEGIN SSH HOST KEY KEYS-----
ecdsa-sha2-nistp256 AAAAE2VjZHNhLXNoYTItbmlzdHAyNTYAAAAIbmlzdHAyNTYAAABBBDZfoD34RqloqgGp4V9SOcegMTpSAL9ZqmD9o6k14xy0Y779yyKvrZCwKx+9gPNuI0tHtql8idLCgci5m2L+bEg= root@ubuntu-xenial
ssh-ed25519 AAAAC3NzaC1lZDI1NTE5AAAAIE2QaphycGJplK1bUCLiiNWhAuvngUUxqUjffK3mXkOL root@ubuntu-xenial
ssh-rsa AAAAB3NzaC1yc2EAAAADAQABAAABAQCqLfYLMMkwLhJYz87QkK5gYNfJEIXa5/SeD/GR4aGUo1Hj9UtcAWXYz+sLBLqlQMiyU+MpTWF0HlomwUUZCvz3d93RPOQvreaVVcepNS+IT0QVsRbmjrPPEUJuTA69KDOie20m+ZJ6EbVuynOYGWmzwlaUbTyMRCS8loMmRV4IeDWEmCyuVgU2VnjlfcZUxU4LXGc39YabeYKVqwoB956Huxnzd8jDA9gu96I/PN9fZTYN1wxkXLoFywEjhx08GpQBRSBStOAlKW+HS0nVdFEBCBkCepDee4eOkb2gabUH76QDuY+v4+P04Wk2QVNF7gYA0vHS+EaOoTztwMuz6pv3 root@ubuntu-xenial
-----END SSH HOST KEY KEYS-----
[   62.755784] cloud-init[1324]: Cloud-init v. 0.7.9 running 'modules:final' at Mon, 27 Nov 2017 04:36:04 +0000. Up 62.33 seconds.
[   62.756603] cloud-init[1324]: ci-info: no authorized ssh keys fingerprints found for user ubuntu.
[   62.756796] cloud-init[1324]: Cloud-init v. 0.7.9 finished at Mon, 27 Nov 2017 04:36:04 +0000. Datasource DataSourceNoCloud [seed=/dev/sdb][dsmode=net].  Up 62.73 seconds

Ubuntu 16.04.3 LTS ubuntu-xenial ttyS0

ubuntu-xenial login: 